<?xml version="1.0" encoding="UTF-8"?>
<testsuite xmlns:xsi="http://www.w3.org/2001/XMLSchema-instance" xsi:noNamespaceSchemaLocation="https://maven.apache.org/surefire/maven-surefire-plugin/xsd/surefire-test-report-3.0.xsd" version="3.0" name="com.giovanni.urlShortner.UrlShortnerApplicationTests" time="3.301" tests="1" errors="0" skipped="0" failures="0">
  <properties>
[...]
</properties>
  <testcase name="contextLoads" classname="com.giovanni.urlShortner.UrlShortnerApplicationTests" time="1.014">
    <system-out><![CDATA[15:31:21.094 [main] INFO org.springframework.test.context.support.AnnotationConfigContextLoaderUtils -- Could not detect default configuration classes for test class [com.giovanni.urlShortner.UrlShortnerApplicationTests]: UrlShortnerApplicationTests does not declare any static, non-private, non-final, nested classes annotated with @Configuration.
15:31:21.222 [main] INFO org.springframework.boot.test.context.SpringBootTestContextBootstrapper -- Found @SpringBootConfiguration com.giovanni.urlShortner.UrlShortnerApplication for test class com.giovanni.urlShortner.UrlShortnerApplicationTests

  .   ____          _            __ _ _
 /\\ / ___'_ __ _ _(_)_ __  __ _ \ \ \ \
( ( )\___ | '_ | '_| | '_ \/ _` | \ \ \ \
 \\/  ___)| |_)| | | | | || (_| |  ) ) ) )
  '  |____| .__|_| |_|_| |_\__, | / / / /
 =========|_|==============|___/=/_/_/_/
 :: Spring Boot ::                (v3.1.5)

2024-01-22T15:31:21.684+05:30  INFO 48466 --- [           main] c.g.u.UrlShortnerApplicationTests        : Starting UrlShortnerApplicationTests using Java 21.0.1 with PID 48466 (started by navmeet in /home/navmeet/Desktop/computer programs/projects/url-shortner/server)
2024-01-22T15:31:21.686+05:30  INFO 48466 --- [           main] c.g.u.UrlShortnerApplicationTests        : No active profile set, falling back to 1 default profile: "default"
2024-01-22T15:31:23.167+05:30  INFO 48466 --- [           main] c.g.u.UrlShortnerApplicationTests        : Started UrlShortnerApplicationTests in 1.794 seconds (process running for 3.165)
]]></system-out>
    <system-err><![CDATA[WARNING: A Java agent has been loaded dynamically (/home/navmeet/.m2/repository/net/bytebuddy/byte-buddy-agent/1.14.9/byte-buddy-agent-1.14.9.jar)
WARNING: If a serviceability tool is in use, please run with -XX:+EnableDynamicAgentLoading to hide this warning
WARNING: If a serviceability tool is not in use, please run with -Djdk.instrument.traceUsage for more information
WARNING: Dynamic loading of agents will be disallowed by default in a future release
]]></system-err>
  </testcase>
</testsuite>